<?xml version="1.0" encoding="UTF-8"?>
<testng-results skipped="34" failed="0" total="34" passed="0">
  <reporter-output>
  </reporter-output>
  <suite name="Default suite" duration-ms="20701" started-at="2017-11-08T07:37:12Z" finished-at="2017-11-08T07:37:33Z">
    <groups>
    </groups>
    <test name="Default test" duration-ms="20701" started-at="2017-11-08T07:37:12Z" finished-at="2017-11-08T07:37:33Z">
      <class name="com.pack.home.TestExecution.TestRun">
        <test-method status="FAIL" signature="executing()[pri:0, instance:com.pack.home.TestExecution.TestRun@13deb50e]" name="executing" is-config="true" duration-ms="0" started-at="2017-11-08T13:07:12Z" finished-at="2017-11-08T13:07:12Z">
          <exception class="java.lang.NullPointerException">
            <full-stacktrace>
              <![CDATA[java.lang.NullPointerException
	at com.pack.home.Libraries.DriverLaunch.openBrowser(DriverLaunch.java:53)
	at com.pack.home.TestExecution.TestRun.executing(TestRun.java:20)
	at sun.reflect.NativeMethodAccessorImpl.invoke0(Native Method)
	at sun.reflect.NativeMethodAccessorImpl.invoke(NativeMethodAccessorImpl.java:62)
	at sun.reflect.DelegatingMethodAccessorImpl.invoke(DelegatingMethodAccessorImpl.java:43)
	at java.lang.reflect.Method.invoke(Method.java:498)
	at org.testng.internal.MethodInvocationHelper.invokeMethod(MethodInvocationHelper.java:80)
	at org.testng.internal.Invoker.invokeConfigurationMethod(Invoker.java:564)
	at org.testng.internal.Invoker.invokeConfigurations(Invoker.java:213)
	at org.testng.internal.Invoker.invokeConfigurations(Invoker.java:138)
	at org.testng.TestRunner.beforeRun(TestRunner.java:641)
	at org.testng.TestRunner.run(TestRunner.java:609)
	at org.testng.SuiteRunner.runTest(SuiteRunner.java:334)
	at org.testng.SuiteRunner.runSequentially(SuiteRunner.java:329)
	at org.testng.SuiteRunner.privateRun(SuiteRunner.java:291)
	at org.testng.SuiteRunner.run(SuiteRunner.java:240)
	at org.testng.SuiteRunnerWorker.runSuite(SuiteRunnerWorker.java:52)
	at org.testng.SuiteRunnerWorker.run(SuiteRunnerWorker.java:86)
	at org.testng.TestNG.runSuitesSequentially(TestNG.java:1198)
	at org.testng.TestNG.runSuitesLocally(TestNG.java:1123)
	at org.testng.TestNG.run(TestNG.java:1031)
	at org.testng.remote.AbstractRemoteTestNG.run(AbstractRemoteTestNG.java:114)
	at org.testng.remote.RemoteTestNG.initAndRun(RemoteTestNG.java:251)
	at org.testng.remote.RemoteTestNG.main(RemoteTestNG.java:77)
]]>
            </full-stacktrace>
          </exception> <!-- java.lang.NullPointerException -->
          <reporter-output>
          </reporter-output>
        </test-method> <!-- executing -->
        <test-method status="SKIP" signature="login()[pri:0, instance:com.pack.home.TestExecution.TestRun@13deb50e]" name="login" duration-ms="15" started-at="2017-11-08T13:07:33Z" description="Performs an successful login and checks the dashboard url (passes)" finished-at="2017-11-08T13:07:33Z">
          <reporter-output>
          </reporter-output>
        </test-method> <!-- login -->
        <test-method status="SKIP" signature="unsuccessfullogin()[pri:0, instance:com.pack.home.TestExecution.TestRun@13deb50e]" name="unsuccessfullogin" duration-ms="0" started-at="2017-11-08T13:07:33Z" description="Performs an unsuccessful login and checks the resulting error message (passes)" finished-at="2017-11-08T13:07:33Z">
          <reporter-output>
          </reporter-output>
        </test-method> <!-- unsuccessfullogin -->
        <test-method status="SKIP" signature="clickPrivacy()[pri:0, instance:com.pack.home.TestExecution.TestRun@13deb50e]" name="clickPrivacy" duration-ms="0" started-at="2017-11-08T13:07:33Z" description="Tries to navigate to privacy Page(passes)" finished-at="2017-11-08T13:07:33Z">
          <reporter-output>
          </reporter-output>
        </test-method> <!-- clickPrivacy -->
        <test-method status="SKIP" signature="clickTerms()[pri:0, instance:com.pack.home.TestExecution.TestRun@13deb50e]" name="clickTerms" duration-ms="0" started-at="2017-11-08T13:07:33Z" description="Tries to navigate to Terms And Condition (passes)" finished-at="2017-11-08T13:07:33Z">
          <reporter-output>
          </reporter-output>
        </test-method> <!-- clickTerms -->
        <test-method status="SKIP" signature="clickRefund()[pri:0, instance:com.pack.home.TestExecution.TestRun@13deb50e]" name="clickRefund" duration-ms="16" started-at="2017-11-08T13:07:33Z" description="Tries to navigate to Refund page (passes)" finished-at="2017-11-08T13:07:33Z">
          <reporter-output>
          </reporter-output>
        </test-method> <!-- clickRefund -->
        <test-method status="SKIP" signature="verifyWelcomeMesg()[pri:0, instance:com.pack.home.TestExecution.TestRun@13deb50e]" name="verifyWelcomeMesg" duration-ms="0" started-at="2017-11-08T13:07:33Z" description="Checks for the welcome message (passes)" finished-at="2017-11-08T13:07:33Z">
          <reporter-output>
          </reporter-output>
        </test-method> <!-- verifyWelcomeMesg -->
        <test-method status="SKIP" signature="clickfeedback()[pri:0, instance:com.pack.home.TestExecution.TestRun@13deb50e]" name="clickfeedback" duration-ms="0" started-at="2017-11-08T13:07:33Z" description="Tries to navigate to Feedback (passes)" finished-at="2017-11-08T13:07:33Z">
          <reporter-output>
          </reporter-output>
        </test-method> <!-- clickfeedback -->
        <test-method status="SKIP" signature="clickfaq()[pri:0, instance:com.pack.home.TestExecution.TestRun@13deb50e]" name="clickfaq" duration-ms="0" started-at="2017-11-08T13:07:33Z" description="Tries to navigate to FAQ (passes)" finished-at="2017-11-08T13:07:33Z">
          <reporter-output>
          </reporter-output>
        </test-method> <!-- clickfaq -->
        <test-method status="SKIP" signature="sendfeedback()[pri:0, instance:com.pack.home.TestExecution.TestRun@13deb50e]" name="sendfeedback" duration-ms="0" started-at="2017-11-08T13:07:33Z" description="Performs an Feedback send mail  (passes)" finished-at="2017-11-08T13:07:33Z">
          <reporter-output>
          </reporter-output>
        </test-method> <!-- sendfeedback -->
        <test-method status="SKIP" signature="clickPayBill()[pri:0, instance:com.pack.home.TestExecution.TestRun@13deb50e]" name="clickPayBill" duration-ms="0" started-at="2017-11-08T13:07:33Z" description="Tries to navigate to pay Bill (passes)" finished-at="2017-11-08T13:07:33Z">
          <reporter-output>
          </reporter-output>
        </test-method> <!-- clickPayBill -->
        <test-method status="SKIP" signature="clickknowcpe()[pri:0, instance:com.pack.home.TestExecution.TestRun@13deb50e]" name="clickknowcpe" duration-ms="0" started-at="2017-11-08T13:07:33Z" description="Tries to navigate to Know your CPE (passes)" finished-at="2017-11-08T13:07:33Z">
          <reporter-output>
          </reporter-output>
        </test-method> <!-- clickknowcpe -->
        <test-method status="SKIP" signature="sendlink()[pri:0, instance:com.pack.home.TestExecution.TestRun@13deb50e]" name="sendlink" duration-ms="0" started-at="2017-11-08T13:07:33Z" description="Perform Send Mail for Contact US  (passes)" finished-at="2017-11-08T13:07:33Z">
          <reporter-output>
          </reporter-output>
        </test-method> <!-- sendlink -->
        <test-method status="SKIP" signature="clickTopUp()[pri:0, instance:com.pack.home.TestExecution.TestRun@13deb50e]" name="clickTopUp" duration-ms="0" started-at="2017-11-08T13:07:33Z" description="Tries to navigate to Top up (passes)" finished-at="2017-11-08T13:07:33Z">
          <reporter-output>
          </reporter-output>
        </test-method> <!-- clickTopUp -->
        <test-method status="SKIP" signature="clickPayment()[pri:0, instance:com.pack.home.TestExecution.TestRun@13deb50e]" name="clickPayment" duration-ms="0" started-at="2017-11-08T13:07:33Z" description="Tries to navigate to Make Payment (passes)" finished-at="2017-11-08T13:07:33Z">
          <reporter-output>
          </reporter-output>
        </test-method> <!-- clickPayment -->
        <test-method status="SKIP" signature="clickcontact()[pri:0, instance:com.pack.home.TestExecution.TestRun@13deb50e]" name="clickcontact" duration-ms="0" started-at="2017-11-08T13:07:33Z" description="Tries to navigate to Contact us (passes)" finished-at="2017-11-08T13:07:33Z">
          <reporter-output>
          </reporter-output>
        </test-method> <!-- clickcontact -->
        <test-method status="SKIP" signature="clickService()[pri:0, instance:com.pack.home.TestExecution.TestRun@13deb50e]" name="clickService" duration-ms="0" started-at="2017-11-08T13:07:33Z" description="Navigates to Service request page (passes)" finished-at="2017-11-08T13:07:33Z">
          <reporter-output>
          </reporter-output>
        </test-method> <!-- clickService -->
        <test-method status="SKIP" signature="sendnowrequest()[pri:0, instance:com.pack.home.TestExecution.TestRun@13deb50e]" name="sendnowrequest" duration-ms="16" started-at="2017-11-08T13:07:33Z" description="Performs an Service request send mail  (passes)" finished-at="2017-11-08T13:07:33Z">
          <reporter-output>
          </reporter-output>
        </test-method> <!-- sendnowrequest -->
        <test-method status="SKIP" signature="clickProfile()[pri:0, instance:com.pack.home.TestExecution.TestRun@13deb50e]" name="clickProfile" duration-ms="0" started-at="2017-11-08T13:07:33Z" description="Navigates to Profile page (passes)" finished-at="2017-11-08T13:07:33Z">
          <reporter-output>
          </reporter-output>
        </test-method> <!-- clickProfile -->
        <test-method status="SKIP" signature="clickPlan()[pri:0, instance:com.pack.home.TestExecution.TestRun@13deb50e]" name="clickPlan" duration-ms="0" started-at="2017-11-08T13:07:33Z" description="Tries to navigate to Your Plan(passes)" finished-at="2017-11-08T13:07:33Z">
          <reporter-output>
          </reporter-output>
        </test-method> <!-- clickPlan -->
        <test-method status="SKIP" signature="Schedulelink()[pri:0, instance:com.pack.home.TestExecution.TestRun@13deb50e]" name="Schedulelink" duration-ms="0" started-at="2017-11-08T13:07:33Z" description="Tries to navigate to Schedule part (passes)" finished-at="2017-11-08T13:07:33Z">
          <reporter-output>
          </reporter-output>
        </test-method> <!-- Schedulelink -->
        <test-method status="SKIP" signature="advancedlink()[pri:0, instance:com.pack.home.TestExecution.TestRun@13deb50e]" name="advancedlink" duration-ms="0" started-at="2017-11-08T13:07:33Z" description="Tries to navigate to Blocked List (passes)" finished-at="2017-11-08T13:07:33Z">
          <reporter-output>
          </reporter-output>
        </test-method> <!-- advancedlink -->
        <test-method status="SKIP" signature="selectlink2()[pri:0, instance:com.pack.home.TestExecution.TestRun@13deb50e]" name="selectlink2" duration-ms="0" started-at="2017-11-08T13:07:33Z" description="Tries to navigate to Blocked List (passes)" finished-at="2017-11-08T13:07:33Z">
          <reporter-output>
          </reporter-output>
        </test-method> <!-- selectlink2 -->
        <test-method status="SKIP" signature="blockedlink()[pri:0, instance:com.pack.home.TestExecution.TestRun@13deb50e]" name="blockedlink" duration-ms="0" started-at="2017-11-08T13:07:33Z" description="Tries to navigate to Blocked List (passes)" finished-at="2017-11-08T13:07:33Z">
          <reporter-output>
          </reporter-output>
        </test-method> <!-- blockedlink -->
        <test-method status="SKIP" signature="customlink()[pri:0, instance:com.pack.home.TestExecution.TestRun@13deb50e]" name="customlink" duration-ms="0" started-at="2017-11-08T13:07:33Z" description="Tries to navigate to Custom List (passes)" finished-at="2017-11-08T13:07:33Z">
          <reporter-output>
          </reporter-output>
        </test-method> <!-- customlink -->
        <test-method status="SKIP" signature="Customurl()[pri:0, instance:com.pack.home.TestExecution.TestRun@13deb50e]" name="Customurl" duration-ms="0" started-at="2017-11-08T13:07:33Z" description="Perform Custom blocking of email (passes)" finished-at="2017-11-08T13:07:33Z">
          <reporter-output>
          </reporter-output>
        </test-method> <!-- Customurl -->
        <test-method status="SKIP" signature="parentallink()[pri:0, instance:com.pack.home.TestExecution.TestRun@13deb50e]" name="parentallink" duration-ms="0" started-at="2017-11-08T13:07:33Z" description="Tries to navigate to Parental Control (passes)" finished-at="2017-11-08T13:07:33Z">
          <reporter-output>
          </reporter-output>
        </test-method> <!-- parentallink -->
        <test-method status="SKIP" signature="selectlink()[pri:0, instance:com.pack.home.TestExecution.TestRun@13deb50e]" name="selectlink" duration-ms="0" started-at="2017-11-08T13:07:33Z" description="Tries to navigate to Advanced List (passes)" finished-at="2017-11-08T13:07:33Z">
          <reporter-output>
          </reporter-output>
        </test-method> <!-- selectlink -->
        <test-method status="SKIP" signature="timeblock()[pri:0, instance:com.pack.home.TestExecution.TestRun@13deb50e]" name="timeblock" duration-ms="0" started-at="2017-11-08T13:07:33Z" description="Tries to pass value to Time schedule tab (passes)" finished-at="2017-11-08T13:07:33Z">
          <reporter-output>
          </reporter-output>
        </test-method> <!-- timeblock -->
        <test-method status="SKIP" signature="dayschedule()[pri:0, instance:com.pack.home.TestExecution.TestRun@13deb50e]" name="dayschedule" duration-ms="0" started-at="2017-11-08T13:07:33Z" description="Tries to navigate to Day schedule tab (passes)" finished-at="2017-11-08T13:07:33Z">
          <reporter-output>
          </reporter-output>
        </test-method> <!-- dayschedule -->
        <test-method status="SKIP" signature="dayblock()[pri:0, instance:com.pack.home.TestExecution.TestRun@13deb50e]" name="dayblock" duration-ms="0" started-at="2017-11-08T13:07:33Z" description="Tries to pass value to Day schedule tab (passes)" finished-at="2017-11-08T13:07:33Z">
          <reporter-output>
          </reporter-output>
        </test-method> <!-- dayblock -->
        <test-method status="SKIP" signature="timeschedule1()[pri:0, instance:com.pack.home.TestExecution.TestRun@13deb50e]" name="timeschedule1" duration-ms="0" started-at="2017-11-08T13:07:33Z" description="Tries to navigate to Time schedule tab (passes)" finished-at="2017-11-08T13:07:33Z">
          <reporter-output>
          </reporter-output>
        </test-method> <!-- timeschedule1 -->
        <test-method status="SKIP" signature="dateblock()[pri:0, instance:com.pack.home.TestExecution.TestRun@13deb50e]" name="dateblock" duration-ms="0" started-at="2017-11-08T13:07:33Z" description="Tries to pass value to Day schedule tab (passes)" finished-at="2017-11-08T13:07:33Z">
          <reporter-output>
          </reporter-output>
        </test-method> <!-- dateblock -->
        <test-method status="SKIP" signature="logout()[pri:0, instance:com.pack.home.TestExecution.TestRun@13deb50e]" name="logout" duration-ms="0" started-at="2017-11-08T13:07:33Z" description="Logs out (passes)" finished-at="2017-11-08T13:07:33Z">
          <reporter-output>
          </reporter-output>
        </test-method> <!-- logout -->
        <test-method status="SKIP" signature="dateschedule()[pri:0, instance:com.pack.home.TestExecution.TestRun@13deb50e]" name="dateschedule" duration-ms="0" started-at="2017-11-08T13:07:33Z" description="Tries to navigate to dates schedule tab (passes)" finished-at="2017-11-08T13:07:33Z">
          <reporter-output>
          </reporter-output>
        </test-method> <!-- dateschedule -->
        <test-method status="SKIP" signature="afterMethod()[pri:0, instance:com.pack.home.TestExecution.TestRun@13deb50e]" name="afterMethod" is-config="true" duration-ms="0" started-at="2017-11-08T13:07:33Z" finished-at="2017-11-08T13:07:33Z">
          <reporter-output>
          </reporter-output>
        </test-method> <!-- afterMethod -->
      </class> <!-- com.pack.home.TestExecution.TestRun -->
    </test> <!-- Default test -->
  </suite> <!-- Default suite -->
</testng-results>
